2022-01-22 11:18:46,219:INFO:PyCaret Supervised Module
2022-01-22 11:18:46,219:INFO:ML Usecase: classification
2022-01-22 11:18:46,219:INFO:version 2.3.0
2022-01-22 11:18:46,219:INFO:Initializing setup()
2022-01-22 11:18:46,220:INFO:setup(target=cardio, ml_usecase=classification, available_plots={'parameter': 'Hyperparameters', 'auc': 'AUC', 'confusion_matrix': 'Confusion Matrix', 'threshold': 'Threshold', 'pr': 'Precision Recall', 'error': 'Prediction Error', 'class_report': 'Class Report', 'rfe': 'Feature Selection', 'learning': 'Learning Curve', 'manifold': 'Manifold Learning', 'calibration': 'Calibration Curve', 'vc': 'Validation Curve', 'dimension': 'Dimensions', 'feature': 'Feature Importance', 'feature_all': 'Feature Importance (All)', 'boundary': 'Decision Boundary', 'lift': 'Lift Chart', 'gain': 'Gain Chart', 'tree': 'Decision Tree'}, train_size=0.7, test_data=None, preprocess=True, imputation_type=simple, iterative_imputation_iters=5, categorical_features=None, categorical_imputation=constant, categorical_iterative_imputer=lightgbm, ordinal_features=None, high_cardinality_features=None, high_cardinality_method=frequency, numeric_features=None, numeric_imputation=mean, numeric_iterative_imputer=lightgbm, date_features=None, ignore_features=None, normalize=False, normalize_method=zscore, transformation=False, transformation_method=yeo-johnson, handle_unknown_categorical=True, unknown_categorical_method=least_frequent, pca=False, pca_method=linear, pca_components=None, ignore_low_variance=False, combine_rare_levels=False, rare_level_threshold=0.1, bin_numeric_features=None, remove_outliers=False, outliers_threshold=0.05, remove_multicollinearity=False, multicollinearity_threshold=0.9, remove_perfect_collinearity=True, create_clusters=False, cluster_iter=20, polynomial_features=False, polynomial_degree=2, trigonometry_features=False, polynomial_threshold=0.1, group_features=None, group_names=None, feature_selection=False, feature_selection_threshold=0.8, feature_selection_method=classic, feature_interaction=False, feature_ratio=False, interaction_threshold=0.01, fix_imbalance=False, fix_imbalance_method=None, transform_target=False, transform_target_method=box-cox, data_split_shuffle=True, data_split_stratify=False, fold_strategy=stratifiedkfold, fold=10, fold_shuffle=False, fold_groups=None, n_jobs=-1, use_gpu=False, custom_pipeline=None, html=True, session_id=123, log_experiment=True, experiment_name=cardio-pred, log_plots=False, log_profile=False, log_data=False, silent=False, verbose=True, profile=False, profile_kwargs=None, display=None)
2022-01-22 11:18:46,220:INFO:Checking environment
2022-01-22 11:18:46,220:INFO:python_version: 3.8.8
2022-01-22 11:18:46,220:INFO:python_build: ('default', 'Feb 24 2021 21:46:12')
2022-01-22 11:18:46,220:INFO:machine: x86_64
2022-01-22 11:18:46,259:INFO:platform: Linux-5.13.0-27-generic-x86_64-with-glibc2.10
2022-01-22 11:18:46,260:INFO:Memory: svmem(total=12463267840, available=7143940096, percent=42.7, used=4508864512, free=3611906048, active=1516097536, inactive=6456442880, buffers=242642944, cached=4099854336, shared=508628992, slab=287703040)
2022-01-22 11:18:46,261:INFO:Physical Core: 2
2022-01-22 11:18:46,262:INFO:Logical Core: 4
2022-01-22 11:18:46,262:INFO:Checking libraries
2022-01-22 11:18:46,262:INFO:pd==1.2.3
2022-01-22 11:18:46,262:INFO:numpy==1.19.5
2022-01-22 11:18:46,262:INFO:sklearn==0.24.2
2022-01-22 11:18:46,262:INFO:lightgbm==3.2.0
2022-01-22 11:18:46,262:WARNING:catboost not found
2022-01-22 11:18:46,262:WARNING:xgboost not found
2022-01-22 11:18:47,842:INFO:mlflow==1.15.0
2022-01-22 11:18:47,842:INFO:Checking Exceptions
2022-01-22 11:18:47,843:INFO:Declaring global variables
2022-01-22 11:18:47,843:INFO:USI: 7455
2022-01-22 11:18:47,843:INFO:pycaret_globals: {'fold_groups_param', 'y_test', '_ml_usecase', '_all_metrics', 'X_train', 'n_jobs_param', 'y_train', 'fix_imbalance_param', 'master_model_container', 'target_param', 'fold_generator', '_all_models', '_all_models_internal', 'create_model_container', '_internal_pipeline', '_gpu_n_jobs_param', 'fold_param', 'logging_param', 'display_container', 'exp_name_log', 'transform_target_method_param', 'transform_target_param', 'gpu_param', 'fix_imbalance_method_param', 'experiment__', 'prep_pipe', 'pycaret_globals', 'seed', 'USI', 'X_test', '_available_plots', 'stratify_param', 'y', 'fold_shuffle_param', 'data_before_preprocess', 'imputation_regressor', 'imputation_classifier', 'log_plots_param', 'html_param', 'iterative_imputation_iters_param', 'X'}
2022-01-22 11:18:47,843:INFO:Preparing display monitor
2022-01-22 11:18:47,843:INFO:Preparing display monitor
2022-01-22 11:18:47,863:INFO:Importing libraries
2022-01-22 11:18:47,863:INFO:Copying data for preprocessing
2022-01-22 11:18:47,881:INFO:Declaring preprocessing parameters
2022-01-22 11:18:47,886:INFO:Creating preprocessing pipeline
2022-01-22 11:18:48,041:INFO:Preprocessing pipeline created successfully
2022-01-22 11:18:48,041:ERROR:(Process Exit): setup has been interupted with user command 'quit'. setup must rerun.
2022-01-22 11:18:48,041:INFO:Creating global containers
2022-01-22 11:18:48,042:INFO:Internal pipeline: Pipeline(memory=None, steps=[('empty_step', 'passthrough')], verbose=False)
2022-01-22 11:19:02,490:WARNING:Couldn't import xgboost.XGBClassifier
2022-01-22 11:19:02,491:WARNING:Couldn't import catboost.CatBoostClassifier
2022-01-22 11:19:02,610:WARNING:Couldn't import xgboost.XGBClassifier
2022-01-22 11:19:02,611:WARNING:Couldn't import catboost.CatBoostClassifier
2022-01-22 11:19:02,611:INFO:Creating grid variables
2022-01-22 11:19:02,659:INFO:Logging experiment in MLFlow
2022-01-22 11:19:03,015:INFO:SubProcess save_model() called ==================================
2022-01-22 11:19:18,559:INFO:PyCaret Supervised Module
2022-01-22 11:19:18,559:INFO:ML Usecase: classification
2022-01-22 11:19:18,560:INFO:version 2.3.0
2022-01-22 11:19:18,560:INFO:Initializing setup()
2022-01-22 11:19:18,560:INFO:setup(target=cardio, ml_usecase=classification, available_plots={'parameter': 'Hyperparameters', 'auc': 'AUC', 'confusion_matrix': 'Confusion Matrix', 'threshold': 'Threshold', 'pr': 'Precision Recall', 'error': 'Prediction Error', 'class_report': 'Class Report', 'rfe': 'Feature Selection', 'learning': 'Learning Curve', 'manifold': 'Manifold Learning', 'calibration': 'Calibration Curve', 'vc': 'Validation Curve', 'dimension': 'Dimensions', 'feature': 'Feature Importance', 'feature_all': 'Feature Importance (All)', 'boundary': 'Decision Boundary', 'lift': 'Lift Chart', 'gain': 'Gain Chart', 'tree': 'Decision Tree'}, train_size=0.7, test_data=None, preprocess=True, imputation_type=simple, iterative_imputation_iters=5, categorical_features=None, categorical_imputation=constant, categorical_iterative_imputer=lightgbm, ordinal_features=None, high_cardinality_features=None, high_cardinality_method=frequency, numeric_features=None, numeric_imputation=mean, numeric_iterative_imputer=lightgbm, date_features=None, ignore_features=None, normalize=False, normalize_method=zscore, transformation=False, transformation_method=yeo-johnson, handle_unknown_categorical=True, unknown_categorical_method=least_frequent, pca=False, pca_method=linear, pca_components=None, ignore_low_variance=False, combine_rare_levels=False, rare_level_threshold=0.1, bin_numeric_features=None, remove_outliers=False, outliers_threshold=0.05, remove_multicollinearity=False, multicollinearity_threshold=0.9, remove_perfect_collinearity=True, create_clusters=False, cluster_iter=20, polynomial_features=False, polynomial_degree=2, trigonometry_features=False, polynomial_threshold=0.1, group_features=None, group_names=None, feature_selection=False, feature_selection_threshold=0.8, feature_selection_method=classic, feature_interaction=False, feature_ratio=False, interaction_threshold=0.01, fix_imbalance=False, fix_imbalance_method=None, transform_target=False, transform_target_method=box-cox, data_split_shuffle=True, data_split_stratify=False, fold_strategy=stratifiedkfold, fold=10, fold_shuffle=False, fold_groups=None, n_jobs=-1, use_gpu=False, custom_pipeline=None, html=True, session_id=123, log_experiment=False, experiment_name=cardio-pred, log_plots=False, log_profile=False, log_data=False, silent=False, verbose=True, profile=False, profile_kwargs=None, display=None)
2022-01-22 11:19:18,560:INFO:Checking environment
2022-01-22 11:19:18,560:INFO:python_version: 3.8.8
2022-01-22 11:19:18,560:INFO:python_build: ('default', 'Feb 24 2021 21:46:12')
2022-01-22 11:19:18,561:INFO:machine: x86_64
2022-01-22 11:19:18,561:INFO:platform: Linux-5.13.0-27-generic-x86_64-with-glibc2.10
2022-01-22 11:19:18,561:INFO:Memory: svmem(total=12463267840, available=7036317696, percent=43.5, used=4612902912, free=3494756352, active=1519374336, inactive=6559797248, buffers=243232768, cached=4112375808, shared=511234048, slab=289599488)
2022-01-22 11:19:18,562:INFO:Physical Core: 2
2022-01-22 11:19:18,562:INFO:Logical Core: 4
2022-01-22 11:19:18,562:INFO:Checking libraries
2022-01-22 11:19:18,563:INFO:pd==1.2.3
2022-01-22 11:19:18,563:INFO:numpy==1.19.5
2022-01-22 11:19:18,563:INFO:sklearn==0.24.2
2022-01-22 11:19:18,563:INFO:lightgbm==3.2.0
2022-01-22 11:19:18,564:WARNING:catboost not found
2022-01-22 11:19:18,564:WARNING:xgboost not found
2022-01-22 11:19:18,564:INFO:mlflow==1.15.0
2022-01-22 11:19:18,564:INFO:Checking Exceptions
2022-01-22 11:19:18,565:INFO:Declaring global variables
2022-01-22 11:19:18,565:INFO:USI: a22d
2022-01-22 11:19:18,565:INFO:pycaret_globals: {'fold_groups_param', 'y_test', '_ml_usecase', '_all_metrics', 'X_train', 'n_jobs_param', 'y_train', 'fix_imbalance_param', 'master_model_container', 'target_param', 'fold_generator', '_all_models', '_all_models_internal', 'create_model_container', '_internal_pipeline', '_gpu_n_jobs_param', 'fold_param', 'logging_param', 'display_container', 'exp_name_log', 'transform_target_method_param', 'transform_target_param', 'gpu_param', 'fix_imbalance_method_param', 'experiment__', 'prep_pipe', 'pycaret_globals', 'seed', 'USI', 'X_test', '_available_plots', 'stratify_param', 'y', 'fold_shuffle_param', 'data_before_preprocess', 'imputation_regressor', 'imputation_classifier', 'log_plots_param', 'html_param', 'iterative_imputation_iters_param', 'X'}
2022-01-22 11:19:18,565:INFO:Preparing display monitor
2022-01-22 11:19:18,565:INFO:Preparing display monitor
2022-01-22 11:19:18,601:INFO:Importing libraries
2022-01-22 11:19:18,601:INFO:Copying data for preprocessing
2022-01-22 11:19:18,617:INFO:Declaring preprocessing parameters
2022-01-22 11:19:18,624:INFO:Creating preprocessing pipeline
2022-01-22 11:19:18,791:INFO:Preprocessing pipeline created successfully
2022-01-22 11:19:18,791:ERROR:(Process Exit): setup has been interupted with user command 'quit'. setup must rerun.
2022-01-22 11:19:18,791:INFO:Creating global containers
2022-01-22 11:19:18,792:INFO:Internal pipeline: Pipeline(memory=None, steps=[('empty_step', 'passthrough')], verbose=False)
2022-01-22 11:19:27,386:WARNING:Couldn't import xgboost.XGBClassifier
2022-01-22 11:19:27,387:WARNING:Couldn't import catboost.CatBoostClassifier
2022-01-22 11:19:27,492:WARNING:Couldn't import xgboost.XGBClassifier
2022-01-22 11:19:27,493:WARNING:Couldn't import catboost.CatBoostClassifier
2022-01-22 11:19:27,493:INFO:Creating grid variables
2022-01-22 11:19:27,523:INFO:create_model_container: 0
2022-01-22 11:19:27,523:INFO:master_model_container: 0
2022-01-22 11:19:27,523:INFO:display_container: 1
